<?xml version="1.0" encoding="utf-8"?><testsuites name="pytest tests"><testsuite name="pytest" errors="0" failures="2" skipped="0" tests="42" time="63.623" timestamp="2026-08-23T20:54:29.703127+00:00" hostname="agent-env-0c43c18b-7742-4726-8c31-5c94ff0c9440"><testcase classname="tests.test_ai_agent.TestFixedQuote" name="test_privat_basic" time="0.349" /><testcase classname="tests.test_modernstad_api.TestBookings" name="test_create_and_retrieve_booking" time="1.560" /><testcase classname="tests.test_ai_agent.TestFixedQuote" name="test_foretag_basic" time="0.161" /><testcase classname="tests.test_ai_agent.TestFixedQuote" name="test_privat_minimum_hit" time="0.149" /><testcase classname="tests.test_ai_agent.TestFixedQuote" name="test_foretag_minimum_hit" time="0.136" /><testcase classname="tests.test_ai_agent.TestFixedQuote" name="test_discount_clamped_to_10" time="0.141" /><testcase classname="tests.test_ai_agent.TestFixedQuote" name="test_rut_halves_negotiated_privat" time="0.147" /><testcase classname="tests.test_ai_agent.TestFixedQuote" name="test_rut_ignored_for_foretag" time="0.108" /><testcase classname="tests.test_ai_agent.TestFixedQuote" name="test_travel_zone_fee_added" time="0.144" /><testcase classname="tests.test_ai_agent.TestAiBooking" name="test_create_and_retrieve" time="0.974" /><testcase classname="tests.test_modernstad_api.TestBookings" name="test_reject_terms_not_accepted" time="0.107" /><testcase classname="tests.test_modernstad_api.TestBookings" name="test_reject_unknown_service" time="0.226" /><testcase classname="tests.test_modernstad_api.TestBookings" name="test_reject_unknown_zone" time="0.099" /><testcase classname="tests.test_modernstad_api.TestBookings" name="test_reject_hours_below_minimum" time="0.130" /><testcase classname="tests.test_modernstad_api.TestBookings" name="test_reject_mismatched_customer_type" time="0.102" /><testcase classname="tests.test_modernstad_api.TestBookings" name="test_reject_invalid_email" time="0.102" /><testcase classname="tests.test_ai_agent.TestAiBooking" name="test_discount_clamped_in_booking" time="0.482" /><testcase classname="tests.test_modernstad_api.TestBookings" name="test_foretag_booking_no_rut" time="0.487" /><testcase classname="tests.test_ai_agent.TestAiBooking" name="test_reject_invalid_email" time="0.139" /><testcase classname="tests.test_modernstad_api.TestBookings" name="test_booking_not_found" time="0.151" /><testcase classname="tests.test_ai_agent.TestAiBooking" name="test_reject_unknown_service" time="0.105" /><testcase classname="tests.test_ai_agent.TestAiChat" name="test_chat_returns_offer_and_price[claude-sonnet-4-6]" time="6.100" /><testcase classname="tests.test_ai_agent.TestAiBooking" name="test_reject_unknown_zone" time="1.252" /><testcase classname="tests.test_ai_agent.TestAiBooking" name="test_reject_sqm_out_of_range" time="0.119" /><testcase classname="tests.test_ai_agent.TestAiBooking" name="test_reject_rooms_out_of_range" time="0.104" /><testcase classname="tests.test_ai_agent.TestAiBooking" name="test_reject_customer_type_mismatch" time="0.137" /><testcase classname="tests.test_modernstad_api.TestCatalog" name="test_get_all_services" time="0.173" /><testcase classname="tests.test_modernstad_api.TestCatalog" name="test_get_privat_services" time="0.150" /><testcase classname="tests.test_modernstad_api.TestCatalog" name="test_get_foretag_services" time="0.125" /><testcase classname="tests.test_modernstad_api.TestCatalog" name="test_travel_zones" time="0.123" /><testcase classname="tests.test_modernstad_api.TestQuote" name="test_quote_with_rut" time="0.117" /><testcase classname="tests.test_modernstad_api.TestQuote" name="test_quote_without_rut" time="0.114" /><testcase classname="tests.test_modernstad_api.TestQuote" name="test_quote_foretag_no_rut_even_if_requested" time="0.102" /><testcase classname="tests.test_ai_agent.TestCompany" name="test_company_info" time="0.117"><failure message="AssertionError: assert {'claude-haik...w', 'gpt-5.5'} == {'claude-sonn...w', 'gpt-5.5'}&#10;  &#10;  Extra items in the left set:&#10;  'claude-haiku-4-5-20251001'&#10;  'claude-opus-4-7'&#10;  &#10;  Full diff:&#10;    {...&#10;  &#10;  ...Full output truncated (6 lines hidden), use '-vv' to show">backend/tests/test_ai_agent.py:30: in test_company_info
    assert set(d["models"]) == set(MODELS)
E   AssertionError: assert {'claude-haik...w', 'gpt-5.5'} == {'claude-sonn...w', 'gpt-5.5'}
E     
E     Extra items in the left set:
E     'claude-haiku-4-5-20251001'
E     'claude-opus-4-7'
E     
E     Full diff:
E       {...
E     
E     ...Full output truncated (6 lines hidden), use '-vv' to show</failure></testcase><testcase classname="tests.test_ai_agent.TestGuardrail" name="test_no_more_than_10_percent" time="4.761" /><testcase classname="tests.test_ai_agent.TestAiChat" name="test_chat_returns_offer_and_price[gpt-5.5]" time="4.967" /><testcase classname="tests.test_refactor_and_bugfix.TestHealth" name="test_health_reports_flags" time="0.187" /><testcase classname="tests.test_refactor_and_bugfix.TestLongFreeText" name="test_long_freetext_booking_succeeds" time="0.000"><failure message="AssertionError: assert 84 &gt;= 110&#10; +  where 84 = len('Ring gärna vardagar mellan 09 och 17, annars skicka SMS eller mejl. Undvik måndagar.')">backend/tests/test_refactor_and_bugfix.py:66: in test_long_freetext_booking_succeeds
    assert len(payload["contactPreference"]) &gt;= 110
E   AssertionError: assert 84 &gt;= 110
E    +  where 84 = len('Ring gärna vardagar mellan 09 och 17, annars skicka SMS eller mejl. Undvik måndagar.')</failure></testcase><testcase classname="tests.test_ai_agent.TestAiChat" name="test_chat_returns_offer_and_price[gemini-3.1-pro-preview]" time="12.669" /><testcase classname="tests.test_ai_agent.TestAiChat" name="test_context_retained[claude-sonnet-4-6]" time="7.040" /><testcase classname="tests.test_ai_agent.TestAiChat" name="test_context_retained[gpt-5.5]" time="7.537" /><testcase classname="tests.test_ai_agent.TestAiChat" name="test_context_retained[gemini-3.1-pro-preview]" time="21.687" /></testsuite></testsuites>