<?xml version="1.0" encoding="utf-8"?><testsuites name="pytest tests"><testsuite name="pytest" errors="0" failures="0" skipped="0" tests="16" time="2.868" timestamp="2026-08-20T23:41:22.816642+00:00" hostname="agent-env-0c43c18b-7742-4726-8c31-5c94ff0c9440"><testcase classname="tests.test_modernstad_api.TestCatalog" name="test_get_all_services" time="0.389" /><testcase classname="tests.test_modernstad_api.TestBookings" name="test_create_and_retrieve_booking" time="0.801" /><testcase classname="tests.test_modernstad_api.TestCatalog" name="test_get_privat_services" time="0.193" /><testcase classname="tests.test_modernstad_api.TestCatalog" name="test_get_foretag_services" time="0.124" /><testcase classname="tests.test_modernstad_api.TestCatalog" name="test_travel_zones" time="0.151" /><testcase classname="tests.test_modernstad_api.TestBookings" name="test_reject_terms_not_accepted" time="0.217" /><testcase classname="tests.test_modernstad_api.TestQuote" name="test_quote_with_rut" time="0.337" /><testcase classname="tests.test_modernstad_api.TestBookings" name="test_reject_unknown_service" time="0.265" /><testcase classname="tests.test_modernstad_api.TestQuote" name="test_quote_without_rut" time="0.121" /><testcase classname="tests.test_modernstad_api.TestBookings" name="test_reject_unknown_zone" time="0.127" /><testcase classname="tests.test_modernstad_api.TestQuote" name="test_quote_foretag_no_rut_even_if_requested" time="0.128" /><testcase classname="tests.test_modernstad_api.TestBookings" name="test_reject_hours_below_minimum" time="0.134" /><testcase classname="tests.test_modernstad_api.TestBookings" name="test_reject_mismatched_customer_type" time="0.158" /><testcase classname="tests.test_modernstad_api.TestBookings" name="test_reject_invalid_email" time="0.202" /><testcase classname="tests.test_modernstad_api.TestBookings" name="test_foretag_booking_no_rut" time="0.318" /><testcase classname="tests.test_modernstad_api.TestBookings" name="test_booking_not_found" time="0.120" /></testsuite></testsuites>